[debug] [2022-09-27T18:49:55.443Z] ----------------------------------------------------------------------
[debug] [2022-09-27T18:49:55.445Z] Command:       /usr/local/bin/node /usr/local/bin/firebase deploy
[debug] [2022-09-27T18:49:55.447Z] CLI Version:   11.11.0
[debug] [2022-09-27T18:49:55.447Z] Platform:      darwin
[debug] [2022-09-27T18:49:55.447Z] Node Version:  v16.16.0
[debug] [2022-09-27T18:49:55.448Z] Time:          Tue Sep 27 2022 21:49:55 GMT+0300 (Eastern European Summer Time)
[debug] [2022-09-27T18:49:55.449Z] ----------------------------------------------------------------------
[debug] 
[debug] [2022-09-27T18:49:55.525Z] > command requires scopes: ["email","openid","https://www.googleapis.com/auth/cloudplatformprojects.readonly","https://www.googleapis.com/auth/firebase","https://www.googleapis.com/auth/cloud-platform"]
[debug] [2022-09-27T18:49:55.526Z] > authorizing via signed-in user (cteslaru@gmail.com)
[debug] [2022-09-27T18:49:55.526Z] [iam] checking project vexr-store for permissions ["firebase.projects.get","firebasehosting.sites.update"]
[debug] [2022-09-27T18:49:55.529Z] >>> [apiv2][query] POST https://cloudresourcemanager.googleapis.com/v1/projects/vexr-store:testIamPermissions [none]
[debug] [2022-09-27T18:49:55.529Z] >>> [apiv2][(partial)header] POST https://cloudresourcemanager.googleapis.com/v1/projects/vexr-store:testIamPermissions x-goog-quota-user=projects/vexr-store
[debug] [2022-09-27T18:49:55.529Z] >>> [apiv2][body] POST https://cloudresourcemanager.googleapis.com/v1/projects/vexr-store:testIamPermissions {"permissions":["firebase.projects.get","firebasehosting.sites.update"]}
[debug] [2022-09-27T18:49:56.540Z] <<< [apiv2][status] POST https://cloudresourcemanager.googleapis.com/v1/projects/vexr-store:testIamPermissions 200
[debug] [2022-09-27T18:49:56.540Z] <<< [apiv2][body] POST https://cloudresourcemanager.googleapis.com/v1/projects/vexr-store:testIamPermissions {"permissions":["firebase.projects.get","firebasehosting.sites.update"]}
[debug] [2022-09-27T18:49:56.542Z] >>> [apiv2][query] GET https://firebase.googleapis.com/v1beta1/projects/vexr-store [none]
[debug] [2022-09-27T18:49:56.918Z] <<< [apiv2][status] GET https://firebase.googleapis.com/v1beta1/projects/vexr-store 200
[debug] [2022-09-27T18:49:56.918Z] <<< [apiv2][body] GET https://firebase.googleapis.com/v1beta1/projects/vexr-store {"projectId":"vexr-store","projectNumber":"1075481053660","displayName":"Vexr store","name":"projects/vexr-store","resources":{"hostingSite":"vexr-store"},"state":"ACTIVE","etag":"1_1f861840-5b4c-489d-811a-cb8b7dd9a276"}
[info] 
[info] === Deploying to 'vexr-store'...
[info] 
[info] i  deploying hosting 
[debug] [2022-09-27T18:49:56.920Z] >>> [apiv2][query] GET https://firebase.googleapis.com/v1beta1/projects/vexr-store [none]
